# JRE version: Java(TM) SE Runtime Environment (8.0_333-b02) (build 1.8.0_333-b02)
# Java VM: Java HotSpot(TM) 64-Bit Server VM (25.333-b02 mixed mode windows-amd64 compressed oops)
Heap:
 PSYoungGen      total 547840K, used 526336K [0x00000006eab00000, 0x000000070d700000, 0x00000007c0000000)
  eden space 526336K, 100% used [0x00000006eab00000,0x000000070ad00000,0x000000070ad00000)
  from space 21504K, 0% used [0x000000070c200000,0x000000070c200000,0x000000070d700000)
  to   space 21504K, 0% used [0x000000070ad00000,0x000000070ad00000,0x000000070c200000)
 ParOldGen       total 438272K, used 438137K [0x0000000540000000, 0x000000055ac00000, 0x00000006eab00000)
  object space 438272K, 99% used [0x0000000540000000,0x000000055abde7c8,0x000000055ac00000)
 Metaspace       used 3421K, capacity 4566K, committed 4864K, reserved 1056768K
  class space    used 361K, capacity 390K, committed 512K, reserved 1048576K
GC Heap History (10 events):
Event: 2.475 GC heap before
{Heap before GC invocations=4 (full 0):
 PSYoungGen      total 284672K, used 284655K [0x00000006eab00000, 0x000000070d700000, 0x00000007c0000000)
  eden space 263168K, 100% used [0x00000006eab00000,0x00000006fac00000,0x00000006fac00000)
  from space 21504K, 99% used [0x00000006fac00000,0x00000006fc0fbcf0,0x00000006fc100000)
  to   space 21504K, 0% used [0x000000070c200000,0x000000070c200000,0x000000070d700000)
 ParOldGen       total 349696K, used 29092K [0x0000000540000000, 0x0000000555580000, 0x00000006eab00000)
  object space 349696K, 8% used [0x0000000540000000,0x0000000541c690f0,0x0000000555580000)
 Metaspace       used 3086K, capacity 4498K, committed 4864K, reserved 1056768K
  class space    used 326K, capacity 386K, committed 512K, reserved 1048576K
Event: 2.530 GC heap after
Heap after GC invocations=4 (full 0):
 PSYoungGen      total 547840K, used 21498K [0x00000006eab00000, 0x000000070d700000, 0x00000007c0000000)
  eden space 526336K, 0% used [0x00000006eab00000,0x00000006eab00000,0x000000070ad00000)
  from space 21504K, 99% used [0x000000070c200000,0x000000070d6fea68,0x000000070d700000)
  to   space 21504K, 0% used [0x000000070ad00000,0x000000070ad00000,0x000000070c200000)
 ParOldGen       total 349696K, used 55182K [0x0000000540000000, 0x0000000555580000, 0x00000006eab00000)
  object space 349696K, 15% used [0x0000000540000000,0x00000005435e3818,0x0000000555580000)
 Metaspace       used 3086K, capacity 4498K, committed 4864K, reserved 1056768K
  class space    used 326K, capacity 386K, committed 512K, reserved 1048576K
}
Event: 4.972 GC heap before
{Heap before GC invocations=5 (full 0):
 PSYoungGen      total 547840K, used 547834K [0x00000006eab00000, 0x000000070d700000, 0x00000007c0000000)
  eden space 526336K, 100% used [0x00000006eab00000,0x000000070ad00000,0x000000070ad00000)
  from space 21504K, 99% used [0x000000070c200000,0x000000070d6fea68,0x000000070d700000)
  to   space 21504K, 0% used [0x000000070ad00000,0x000000070ad00000,0x000000070c200000)
 ParOldGen       total 349696K, used 55182K [0x0000000540000000, 0x0000000555580000, 0x00000006eab00000)
  object space 349696K, 15% used [0x0000000540000000,0x00000005435e3818,0x0000000555580000)
 Metaspace       used 3086K, capacity 4498K, committed 4864K, reserved 1056768K
  class space    used 326K, capacity 386K, committed 512K, reserved 1048576K
Event: 4.995 GC heap after
Heap after GC invocations=5 (full 0):
 PSYoungGen      total 547840K, used 21504K [0x00000006eab00000, 0x000000070d700000, 0x00000007c0000000)
  eden space 526336K, 0% used [0x00000006eab00000,0x00000006eab00000,0x000000070ad00000)
  from space 21504K, 100% used [0x000000070ad00000,0x000000070c200000,0x000000070c200000)
  to   space 21504K, 0% used [0x000000070c200000,0x000000070c200000,0x000000070d700000)
 ParOldGen       total 349696K, used 94389K [0x0000000540000000, 0x0000000555580000, 0x00000006eab00000)
  object space 349696K, 26% used [0x0000000540000000,0x0000000545c2d4a0,0x0000000555580000)
 Metaspace       used 3086K, capacity 4498K, committed 4864K, reserved 1056768K
  class space    used 326K, capacity 386K, committed 512K, reserved 1048576K
}
Event: 13.203 GC heap before
{Heap before GC invocations=6 (full 0):
 PSYoungGen      total 547840K, used 547840K [0x00000006eab00000, 0x000000070d700000, 0x00000007c0000000)
  eden space 526336K, 100% used [0x00000006eab00000,0x000000070ad00000,0x000000070ad00000)
  from space 21504K, 100% used [0x000000070ad00000,0x000000070c200000,0x000000070c200000)
  to   space 21504K, 0% used [0x000000070c200000,0x000000070c200000,0x000000070d700000)
 ParOldGen       total 349696K, used 94389K [0x0000000540000000, 0x0000000555580000, 0x00000006eab00000)
  object space 349696K, 26% used [0x0000000540000000,0x0000000545c2d4a0,0x0000000555580000)
 Metaspace       used 3166K, capacity 4566K, committed 4864K, reserved 1056768K
  class space    used 337K, capacity 390K, committed 512K, reserved 1048576K
Event: 13.718 GC heap after
Heap after GC invocations=6 (full 0):
 PSYoungGen      total 547840K, used 21487K [0x00000006eab00000, 0x000000070d700000, 0x00000007c0000000)
  eden space 526336K, 0% used [0x00000006eab00000,0x00000006eab00000,0x000000070ad00000)
  from space 21504K, 99% used [0x000000070c200000,0x000000070d6fbcf0,0x000000070d700000)
  to   space 21504K, 0% used [0x000000070ad00000,0x000000070ad00000,0x000000070c200000)
 ParOldGen       total 438272K, used 436525K [0x0000000540000000, 0x000000055ac00000, 0x00000006eab00000)
  object space 438272K, 99% used [0x0000000540000000,0x000000055aa4b5e0,0x000000055ac00000)
 Metaspace       used 3166K, capacity 4566K, committed 4864K, reserved 1056768K
  class space    used 337K, capacity 390K, committed 512K, reserved 1048576K
}
Event: 13.718 GC heap before
{Heap before GC invocations=7 (full 1):
 PSYoungGen      total 547840K, used 21487K [0x00000006eab00000, 0x000000070d700000, 0x00000007c0000000)
  eden space 526336K, 0% used [0x00000006eab00000,0x00000006eab00000,0x000000070ad00000)
  from space 21504K, 99% used [0x000000070c200000,0x000000070d6fbcf0,0x000000070d700000)
  to   space 21504K, 0% used [0x000000070ad00000,0x000000070ad00000,0x000000070c200000)
 ParOldGen       total 438272K, used 436525K [0x0000000540000000, 0x000000055ac00000, 0x00000006eab00000)
  object space 438272K, 99% used [0x0000000540000000,0x000000055aa4b5e0,0x000000055ac00000)
 Metaspace       used 3166K, capacity 4566K, committed 4864K, reserved 1056768K
  class space    used 337K, capacity 390K, committed 512K, reserved 1048576K
Event: 15.879 GC heap after
Heap after GC invocations=7 (full 1):
 PSYoungGen      total 547840K, used 12174K [0x00000006eab00000, 0x000000070d700000, 0x00000007c0000000)
  eden space 526336K, 0% used [0x00000006eab00000,0x00000006eab00000,0x000000070ad00000)
  from space 21504K, 56% used [0x000000070c200000,0x000000070cde3878,0x000000070d700000)
  to   space 21504K, 0% used [0x000000070ad00000,0x000000070ad00000,0x000000070c200000)
 ParOldGen       total 438272K, used 438139K [0x0000000540000000, 0x000000055ac00000, 0x00000006eab00000)
  object space 438272K, 99% used [0x0000000540000000,0x000000055abdedc8,0x000000055ac00000)
 Metaspace       used 3166K, capacity 4566K, committed 4864K, reserved 1056768K
  class space    used 337K, capacity 390K, committed 512K, reserved 1048576K
}
Event: 21.452 GC heap before
{Heap before GC invocations=8 (full 2):
 PSYoungGen      total 547840K, used 538510K [0x00000006eab00000, 0x000000070d700000, 0x00000007c0000000)
  eden space 526336K, 100% used [0x00000006eab00000,0x000000070ad00000,0x000000070ad00000)
  from space 21504K, 56% used [0x000000070c200000,0x000000070cde3878,0x000000070d700000)
  to   space 21504K, 0% used [0x000000070ad00000,0x000000070ad00000,0x000000070c200000)
 ParOldGen       total 438272K, used 438139K [0x0000000540000000, 0x000000055ac00000, 0x00000006eab00000)
  object space 438272K, 99% used [0x0000000540000000,0x000000055abdedc8,0x000000055ac00000)
 Metaspace       used 3418K, capacity 4566K, committed 4864K, reserved 1056768K
  class space    used 361K, capacity 390K, committed 512K, reserved 1048576K
Event: 22.604 GC heap after
Heap after GC invocations=8 (full 2):
 PSYoungGen      total 547840K, used 250163K [0x00000006eab00000, 0x000000070d700000, 0x00000007c0000000)
  eden space 526336K, 47% used [0x00000006eab00000,0x00000006f9f4cd10,0x000000070ad00000)
  from space 21504K, 0% used [0x000000070c200000,0x000000070c200000,0x000000070d700000)
  to   space 21504K, 0% used [0x000000070ad00000,0x000000070ad00000,0x000000070c200000)
 ParOldGen       total 438272K, used 438137K [0x0000000540000000, 0x000000055ac00000, 0x00000006eab00000)
  object space 438272K, 99% used [0x0000000540000000,0x000000055abde7c8,0x000000055ac00000)
 Metaspace       used 3418K, capacity 4566K, committed 4864K, reserved 1056768K
  class space    used 361K, capacity 390K, committed 512K, reserved 1048576K
}

